15:22:15 **** Incremental Build of configuration Debug for project test ****
make -j8 all 
arm-none-eabi-gcc -o "test.elf" @"objects.list"   -mcpu=cortex-m4 -T"D:\STM32F4x\project\test\STM32F407VGTX_FLASH.ld" --specs=nosys.specs -Wl,-Map="test.map" -Wl,--gc-sections -static --specs=nano.specs -mfpu=fpv4-sp-d16 -mfloat-abi=hard -mthumb -Wl,--start-group -lc -lm -Wl,--end-group
C:/ST/STM32CubeIDE_1.13.0/STM32CubeIDE/plugins/com.st.stm32cube.ide.mcu.externaltools.gnu-tools-for-stm32.11.3.rel1.win32_1.1.1.202309131626/tools/bin/../lib/gcc/arm-none-eabi/11.3.1/../../../../arm-none-eabi/bin/ld.exe: ./Core/Startup/startup_stm32f407vgtx.o: in function `LoopFillZerobss':
D:/STM32F4x/project/test/Debug/../Core/Startup/startup_stm32f407vgtx.s:99: undefined reference to `main'
collect2.exe: error: ld returned 1 exit status
make: *** [makefile:64: test.elf] Error 1
"make -j8 all" terminated with exit code 2. Build might be incomplete.

15:22:15 Build Failed. 3 errors, 0 warnings. (took 372ms)

